<?xml version="1.0" encoding="UTF-8"?>
<!-- Generated by org.testng.reporters.JUnitXMLReporter -->
<testsuite ignored="2" hostname="TYSS-Chandana" failures="0" tests="2" name="Test1" time="43.082" errors="0" timestamp="2024-07-09T11:50:49 IST">
  <testcase classname="scripts_Vtiger.Script6" name="script6" time="8.305"/>
  <testcase classname="scripts_Vtiger.Script5" name="script5" time="5.785"/>
  <testcase classname="genericlib.BaseClass" name="@BeforeSuite beforeSuite" time="0.0">
    <ignored/>
  </testcase> <!-- @BeforeSuite beforeSuite -->
  <testcase classname="genericlib.BaseClass" name="@AfterSuite afterSuite" time="0.0">
    <ignored/>
  </testcase> <!-- @AfterSuite afterSuite -->
</testsuite> <!-- Test1 -->
