<?xml version="1.0" encoding="UTF-8"?>
<!-- Generated by org.testng.reporters.JUnitXMLReporter -->
<testsuite ignored="2" hostname="TYSS-Chandana" failures="0" tests="2" name="Test2" time="46.638" errors="0" timestamp="2024-07-09T11:51:36 IST">
  <testcase classname="scripts_Vtiger.Script6" name="script6" time="7.185"/>
  <testcase classname="scripts_Vtiger.Script5" name="script5" time="5.834"/>
  <testcase classname="genericlib.BaseClass" name="@BeforeSuite beforeSuite" time="0.0">
    <ignored/>
  </testcase> <!-- @BeforeSuite beforeSuite -->
  <testcase classname="genericlib.BaseClass" name="@AfterSuite afterSuite" time="0.0">
    <ignored/>
  </testcase> <!-- @AfterSuite afterSuite -->
</testsuite> <!-- Test2 -->
